<?xml version="1.0" encoding="UTF-8"?>
<!-- Generated by org.testng.reporters.JUnitReportReporter -->
<testsuite hostname="USER-PC" failures="0" tests="2" name="TNTestCases.ContactTestCases" time="251.718" errors="0" timestamp="2022-12-22T22:01:51 IST" skipped="0">
  <testcase classname="TNTestCases.ContactTestCases" name="paramtest" time="133.990"/>
  <system-out/>
  <testcase classname="TNTestCases.ContactTestCases" name="paramtest" time="117.728"/>
  <system-out/>
</testsuite> <!-- TNTestCases.ContactTestCases -->
