<?xml version="1.0" encoding="UTF-8"?>
<!-- Generated by org.testng.reporters.JUnitReportReporter -->
<testsuite hostname="USER-PC" failures="0" tests="1" name="TNTestCases.ContrastChecker" time="89.882" errors="0" timestamp="2022-12-26T13:41:13 IST" skipped="0">
  <testcase classname="TNTestCases.ContrastChecker" name="ckeckcolor" time="89.882"/>
  <system-out/>
</testsuite> <!-- TNTestCases.ContrastChecker -->
