<?xml version="1.0" encoding="UTF-8"?>
<!-- Generated by org.testng.reporters.JUnitReportReporter -->
<testsuite hostname="USER-PC" failures="0" tests="1" name="TNTestCases.Test_1" time="0.092" errors="0" timestamp="2022-12-16T12:36:22 IST" skipped="0">
  <testcase classname="TNTestCases.Test_1" name="demo" time="0.092"/>
  <system-out/>
</testsuite> <!-- TNTestCases.Test_1 -->
