<?xml version="1.0" encoding="UTF-8"?>
<!-- Generated by org.testng.reporters.JUnitReportReporter -->
<testsuite hostname="USER-PC" failures="0" tests="1" name="TNTestCases.TCMicroLearning" time="54.637" errors="0" timestamp="2022-12-21T13:26:20 IST" skipped="0">
  <testcase classname="TNTestCases.TCMicroLearning" name="testMl" time="54.637"/>
  <system-out/>
</testsuite> <!-- TNTestCases.TCMicroLearning -->
